-Xajruntimetarget:1.5
-Xlint:ignore
-1.8
-encoding
UTF-8
-source
1.8
-target
1.8
-verbose
-classpath
C:\Users\suchi\.m2\repository\org\aspectj\aspectjrt\1.8.9\aspectjrt-1.8.9.jar;C:\Users\suchi\.m2\repository\ca\waterloo\pl\breakingchangebarbaz\breaking-change-bar-baz\1.0\breaking-change-bar-baz-1.0.jar;C:\Users\suchi\.m2\repository\org\reflections\reflections\0.9.10\reflections-0.9.10.jar;C:\Users\suchi\.m2\repository\log4j\log4j\1.2.17\log4j-1.2.17.jar;C:\Users\suchi\.m2\repository\org\slf4j\slf4j-api\1.7.30\slf4j-api-1.7.30.jar;C:\Users\suchi\.m2\repository\org\slf4j\slf4j-log4j12\1.7.30\slf4j-log4j12-1.7.30.jar;C:\Users\suchi\.m2\repository\junit\junit\4.13.1\junit-4.13.1.jar;C:\Users\suchi\.m2\repository\org\apache\maven\shared\maven-invoker\3.0.1\maven-invoker-3.0.1.jar;C:\Users\suchi\.m2\repository\org\apache\maven\maven-embedder\3.6.3\maven-embedder-3.6.3.jar;C:\Users\suchi\.m2\repository\org\postgresql\postgresql\42.2.14\postgresql-42.2.14.jar;C:\Users\suchi\.m2\repository\com\googlecode\json-simple\json-simple\1.1.1\json-simple-1.1.1.jar;C:\Users\suchi\.m2\repository\com\google\guava\guava\15.0\guava-15.0.jar;C:\Users\suchi\.m2\repository\org\javassist\javassist\3.19.0-GA\javassist-3.19.0-GA.jar;C:\Users\suchi\.m2\repository\com\google\code\findbugs\annotations\2.0.1\annotations-2.0.1.jar;C:\Users\suchi\.m2\repository\org\hamcrest\hamcrest-core\1.3\hamcrest-core-1.3.jar;C:\Users\suchi\.m2\repository\org\apache\maven\shared\maven-shared-utils\3.2.1\maven-shared-utils-3.2.1.jar;C:\Users\suchi\.m2\repository\commons-io\commons-io\2.5\commons-io-2.5.jar;C:\Users\suchi\.m2\repository\org\codehaus\plexus\plexus-component-annotations\1.7.1\plexus-component-annotations-1.7.1.jar;C:\Users\suchi\.m2\repository\org\apache\maven\maven-settings\3.6.3\maven-settings-3.6.3.jar;C:\Users\suchi\.m2\repository\org\apache\maven\maven-settings-builder\3.6.3\maven-settings-builder-3.6.3.jar;C:\Users\suchi\.m2\repository\org\codehaus\plexus\plexus-interpolation\1.25\plexus-interpolation-1.25.jar;C:\Users\suchi\.m2\repository\org\apache\maven\maven-core\3.6.3\maven-core-3.6.3.jar;C:\Users\suchi\.m2\repository\org\apache\maven\maven-repository-metadata\3.6.3\maven-repository-metadata-3.6.3.jar;C:\Users\suchi\.m2\repository\org\apache\maven\maven-artifact\3.6.3\maven-artifact-3.6.3.jar;C:\Users\suchi\.m2\repository\org\apache\maven\maven-resolver-provider\3.6.3\maven-resolver-provider-3.6.3.jar;C:\Users\suchi\.m2\repository\org\apache\maven\resolver\maven-resolver-impl\1.4.1\maven-resolver-impl-1.4.1.jar;C:\Users\suchi\.m2\repository\org\apache\maven\resolver\maven-resolver-spi\1.4.1\maven-resolver-spi-1.4.1.jar;C:\Users\suchi\.m2\repository\org\eclipse\sisu\org.eclipse.sisu.inject\0.3.4\org.eclipse.sisu.inject-0.3.4.jar;C:\Users\suchi\.m2\repository\org\apache\maven\maven-plugin-api\3.6.3\maven-plugin-api-3.6.3.jar;C:\Users\suchi\.m2\repository\org\apache\maven\maven-model\3.6.3\maven-model-3.6.3.jar;C:\Users\suchi\.m2\repository\org\apache\maven\maven-model-builder\3.6.3\maven-model-builder-3.6.3.jar;C:\Users\suchi\.m2\repository\org\apache\maven\maven-builder-support\3.6.3\maven-builder-support-3.6.3.jar;C:\Users\suchi\.m2\repository\org\apache\maven\resolver\maven-resolver-api\1.4.1\maven-resolver-api-1.4.1.jar;C:\Users\suchi\.m2\repository\org\apache\maven\resolver\maven-resolver-util\1.4.1\maven-resolver-util-1.4.1.jar;C:\Users\suchi\.m2\repository\com\google\inject\guice\4.2.1\guice-4.2.1-no_aop.jar;C:\Users\suchi\.m2\repository\javax\inject\javax.inject\1\javax.inject-1.jar;C:\Users\suchi\.m2\repository\javax\annotation\jsr250-api\1.0\jsr250-api-1.0.jar;C:\Users\suchi\.m2\repository\org\codehaus\plexus\plexus-utils\3.2.1\plexus-utils-3.2.1.jar;C:\Users\suchi\.m2\repository\org\codehaus\plexus\plexus-classworlds\2.6.0\plexus-classworlds-2.6.0.jar;C:\Users\suchi\.m2\repository\org\eclipse\sisu\org.eclipse.sisu.plexus\0.3.4\org.eclipse.sisu.plexus-0.3.4.jar;C:\Users\suchi\.m2\repository\javax\enterprise\cdi-api\1.0\cdi-api-1.0.jar;C:\Users\suchi\.m2\repository\org\sonatype\plexus\plexus-sec-dispatcher\1.4\plexus-sec-dispatcher-1.4.jar;C:\Users\suchi\.m2\repository\org\sonatype\plexus\plexus-cipher\1.7\plexus-cipher-1.7.jar;C:\Users\suchi\.m2\repository\commons-cli\commons-cli\1.4\commons-cli-1.4.jar;C:\Users\suchi\.m2\repository\org\apache\commons\commons-lang3\3.8.1\commons-lang3-3.8.1.jar;C:\Users\suchi\.m2\repository\org\jdom\jdom\1.1\jdom-1.1.jar;C:\Users\suchi\eclipse-workspace\inter-library-calls\target\classes
-inpath
C:\Users\suchi\.m2\repository\ca\waterloo\pl\breakingchangebarbaz\breaking-change-bar-baz\1.0\breaking-change-bar-baz-1.0.jar;C:\Users\suchi\.m2\repository\log4j\log4j\1.2.17\log4j-1.2.17.jar;C:\Users\suchi\.m2\repository\org\slf4j\slf4j-api\1.7.30\slf4j-api-1.7.30.jar;C:\Users\suchi\.m2\repository\org\slf4j\slf4j-log4j12\1.7.30\slf4j-log4j12-1.7.30.jar
-d
C:\Users\suchi\eclipse-workspace\inter-library-calls\target\classes
C:\Users\suchi\eclipse-workspace\inter-library-calls\src\main\java\app\clientpkg\Client.java
C:\Users\suchi\eclipse-workspace\inter-library-calls\src\main\java\app\clientpkg\Helper.java
C:\Users\suchi\eclipse-workspace\inter-library-calls\src\main\java\app\otherpkg\OtherPkgHelper.java
C:\Users\suchi\eclipse-workspace\inter-library-calls\src\main\java\instrumentation\CallTracker.java
C:\Users\suchi\eclipse-workspace\inter-library-calls\src\main\java\instrumentation\DatabaseConnector.java
C:\Users\suchi\eclipse-workspace\inter-library-calls\src\main\java\instrumentation\DependentTestRunner.java
C:\Users\suchi\eclipse-workspace\inter-library-calls\src\main\java\instrumentation\JarUtility.java
C:\Users\suchi\eclipse-workspace\inter-library-calls\src\main\java\instrumentation\NameUtility.java
